0 info it worked if it ends with ok
1 verbose cli [ '/Users/miturostislav/.nvm/versions/node/v6.11.0/bin/node',
1 verbose cli   '/Users/miturostislav/.nvm/versions/node/v6.11.0/bin/npm',
1 verbose cli   'install' ]
2 info using npm@3.10.10
3 info using node@v6.11.0
4 silly loadCurrentTree Starting
5 silly install loadCurrentTree
6 silly install readLocalPackageData
7 silly install normalizeTree
8 silly loadCurrentTree Finishing
9 silly loadIdealTree Starting
10 silly install loadIdealTree
11 silly cloneCurrentTree Starting
12 silly install cloneCurrentTreeToIdealTree
13 silly cloneCurrentTree Finishing
14 silly loadShrinkwrap Starting
15 silly install loadShrinkwrap
16 silly loadShrinkwrap Finishing
17 silly loadAllDepsIntoIdealTree Starting
18 silly install loadAllDepsIntoIdealTree
19 silly fetchNamedPackageData react-addons-test-utils
20 silly mapToRegistry name react-addons-test-utils
21 silly mapToRegistry using default registry
22 silly mapToRegistry registry https://registry.npmjs.org/
23 silly mapToRegistry data Result {
23 silly mapToRegistry   raw: 'react-addons-test-utils',
23 silly mapToRegistry   scope: null,
23 silly mapToRegistry   escapedName: 'react-addons-test-utils',
23 silly mapToRegistry   name: 'react-addons-test-utils',
23 silly mapToRegistry   rawSpec: '',
23 silly mapToRegistry   spec: 'latest',
23 silly mapToRegistry   type: 'tag' }
24 silly mapToRegistry uri https://registry.npmjs.org/react-addons-test-utils
25 silly fetchNamedPackageData react-dom
26 silly mapToRegistry name react-dom
27 silly mapToRegistry using default registry
28 silly mapToRegistry registry https://registry.npmjs.org/
29 silly mapToRegistry data Result {
29 silly mapToRegistry   raw: 'react-dom',
29 silly mapToRegistry   scope: null,
29 silly mapToRegistry   escapedName: 'react-dom',
29 silly mapToRegistry   name: 'react-dom',
29 silly mapToRegistry   rawSpec: '',
29 silly mapToRegistry   spec: 'latest',
29 silly mapToRegistry   type: 'tag' }
30 silly mapToRegistry uri https://registry.npmjs.org/react-dom
31 silly fetchNamedPackageData react-test-renderer
32 silly mapToRegistry name react-test-renderer
33 silly mapToRegistry using default registry
34 silly mapToRegistry registry https://registry.npmjs.org/
35 silly mapToRegistry data Result {
35 silly mapToRegistry   raw: 'react-test-renderer',
35 silly mapToRegistry   scope: null,
35 silly mapToRegistry   escapedName: 'react-test-renderer',
35 silly mapToRegistry   name: 'react-test-renderer',
35 silly mapToRegistry   rawSpec: '',
35 silly mapToRegistry   spec: 'latest',
35 silly mapToRegistry   type: 'tag' }
36 silly mapToRegistry uri https://registry.npmjs.org/react-test-renderer
37 verbose request uri https://registry.npmjs.org/react-addons-test-utils
38 verbose request no auth needed
39 info attempt registry request try #1 at 3:47:19 PM
40 verbose request id 3de45d7b1301a93d
41 verbose etag W/"328d74634e60b4987e07b5e75baaaf11"
42 verbose lastModified Sun, 27 May 2018 13:43:39 GMT
43 http request GET https://registry.npmjs.org/react-addons-test-utils
44 verbose request uri https://registry.npmjs.org/react-dom
45 verbose request no auth needed
46 info attempt registry request try #1 at 3:47:19 PM
47 verbose etag W/"0ead617fe2ef2ecee8648bbc1c283031"
48 verbose lastModified Thu, 06 Sep 2018 16:46:54 GMT
49 http request GET https://registry.npmjs.org/react-dom
50 verbose request uri https://registry.npmjs.org/react-test-renderer
51 verbose request no auth needed
52 info attempt registry request try #1 at 3:47:19 PM
53 verbose etag W/"e8e2cf858cddc97bf160dae89fe61932"
54 verbose lastModified Thu, 06 Sep 2018 16:46:53 GMT
55 http request GET https://registry.npmjs.org/react-test-renderer
56 http 304 https://registry.npmjs.org/react-test-renderer
57 verbose headers { date: 'Mon, 10 Sep 2018 12:47:19 GMT',
57 verbose headers   connection: 'keep-alive',
57 verbose headers   'set-cookie': [ '__cfduid=da1ae9dab542811811114062f9871be381536583639; expires=Tue, 10-Sep-19 12:47:19 GMT; path=/; domain=.registry.npmjs.org; HttpOnly' ],
57 verbose headers   'cf-cache-status': 'HIT',
57 verbose headers   'cache-control': 'max-age=300',
57 verbose headers   'cf-ray': '458200a5faf1b6da-KIV',
57 verbose headers   etag: '"e8e2cf858cddc97bf160dae89fe61932"',
57 verbose headers   'expect-ct': 'max-age=604800, report-uri="https://report-uri.cloudflare.com/cdn-cgi/beacon/expect-ct"',
57 verbose headers   'last-modified': 'Thu, 06 Sep 2018 16:46:53 GMT',
57 verbose headers   vary: 'accept-encoding, accept',
57 verbose headers   'x-amz-meta-rev': '153-a578a12b73e869bd47c82c28b125d383',
57 verbose headers   server: 'cloudflare' }
58 silly get cb [ 304,
58 silly get   { date: 'Mon, 10 Sep 2018 12:47:19 GMT',
58 silly get     connection: 'keep-alive',
58 silly get     'set-cookie': [ '__cfduid=da1ae9dab542811811114062f9871be381536583639; expires=Tue, 10-Sep-19 12:47:19 GMT; path=/; domain=.registry.npmjs.org; HttpOnly' ],
58 silly get     'cf-cache-status': 'HIT',
58 silly get     'cache-control': 'max-age=300',
58 silly get     'cf-ray': '458200a5faf1b6da-KIV',
58 silly get     etag: '"e8e2cf858cddc97bf160dae89fe61932"',
58 silly get     'expect-ct': 'max-age=604800, report-uri="https://report-uri.cloudflare.com/cdn-cgi/beacon/expect-ct"',
58 silly get     'last-modified': 'Thu, 06 Sep 2018 16:46:53 GMT',
58 silly get     vary: 'accept-encoding, accept',
58 silly get     'x-amz-meta-rev': '153-a578a12b73e869bd47c82c28b125d383',
58 silly get     server: 'cloudflare' } ]
59 verbose etag https://registry.npmjs.org/react-test-renderer from cache
60 verbose get saving react-test-renderer to /Users/miturostislav/.npm/registry.npmjs.org/react-test-renderer/.cache.json
61 verbose correctMkdir /Users/miturostislav/.npm correctMkdir not in flight; initializing
62 silly resolveWithNewModule react-test-renderer@16.5.0 checking installable status
63 silly cache add args [ 'react-test-renderer@^16.3.2', null ]
64 verbose cache add spec react-test-renderer@^16.3.2
65 silly cache add parsed spec Result {
65 silly cache add   raw: 'react-test-renderer@^16.3.2',
65 silly cache add   scope: null,
65 silly cache add   escapedName: 'react-test-renderer',
65 silly cache add   name: 'react-test-renderer',
65 silly cache add   rawSpec: '^16.3.2',
65 silly cache add   spec: '>=16.3.2 <17.0.0',
65 silly cache add   type: 'range' }
66 silly addNamed react-test-renderer@>=16.3.2 <17.0.0
67 verbose addNamed ">=16.3.2 <17.0.0" is a valid semver range for react-test-renderer
68 silly addNameRange { name: 'react-test-renderer',
68 silly addNameRange   range: '>=16.3.2 <17.0.0',
68 silly addNameRange   hasData: false }
69 silly mapToRegistry name react-test-renderer
70 silly mapToRegistry using default registry
71 silly mapToRegistry registry https://registry.npmjs.org/
72 silly mapToRegistry data Result {
72 silly mapToRegistry   raw: 'react-test-renderer',
72 silly mapToRegistry   scope: null,
72 silly mapToRegistry   escapedName: 'react-test-renderer',
72 silly mapToRegistry   name: 'react-test-renderer',
72 silly mapToRegistry   rawSpec: '',
72 silly mapToRegistry   spec: 'latest',
72 silly mapToRegistry   type: 'tag' }
73 silly mapToRegistry uri https://registry.npmjs.org/react-test-renderer
74 verbose addNameRange registry:https://registry.npmjs.org/react-test-renderer not in flight; fetching
75 verbose get https://registry.npmjs.org/react-test-renderer not expired, no request
76 silly addNameRange number 2 { name: 'react-test-renderer',
76 silly addNameRange   range: '>=16.3.2 <17.0.0',
76 silly addNameRange   hasData: true }
77 silly addNameRange versions [ 'react-test-renderer',
77 silly addNameRange   [ '1.0.0',
77 silly addNameRange     '1.1.0',
77 silly addNameRange     '15.3.0',
77 silly addNameRange     '15.3.1-rc.1',
77 silly addNameRange     '15.3.1-rc.2',
77 silly addNameRange     '15.3.1',
77 silly addNameRange     '15.3.2-rc.1',
77 silly addNameRange     '15.3.2',
77 silly addNameRange     '15.4.0-rc.1',
77 silly addNameRange     '15.4.0-rc.2',
77 silly addNameRange     '15.4.0-rc.3',
77 silly addNameRange     '15.4.0-rc.4',
77 silly addNameRange     '15.4.0',
77 silly addNameRange     '15.4.1',
77 silly addNameRange     '15.4.2',
77 silly addNameRange     '16.0.0-alpha',
77 silly addNameRange     '16.0.0-alpha.0',
77 silly addNameRange     '16.0.0-alpha.2',
77 silly addNameRange     '16.0.0-alpha.3',
77 silly addNameRange     '16.0.0-alpha.5',
77 silly addNameRange     '16.0.0-alpha.6',
77 silly addNameRange     '15.5.0-rc.1',
77 silly addNameRange     '16.0.0-alpha.7',
77 silly addNameRange     '15.5.0-rc.2',
77 silly addNameRange     '16.0.0-alpha.8',
77 silly addNameRange     '15.5.0',
77 silly addNameRange     '15.5.1',
77 silly addNameRange     '15.5.2',
77 silly addNameRange     '15.5.3',
77 silly addNameRange     '15.5.4',
77 silly addNameRange     '16.0.0-alpha.9',
77 silly addNameRange     '16.0.0-alpha.10',
77 silly addNameRange     '16.0.0-alpha.11',
77 silly addNameRange     '16.0.0-alpha.12',
77 silly addNameRange     '15.6.0-rc.1',
77 silly addNameRange     '16.0.0-alpha.13',
77 silly addNameRange     '15.6.1',
77 silly addNameRange     '16.0.0-beta.1',
77 silly addNameRange     '16.0.0-beta.2',
77 silly addNameRange     '16.0.0-beta.3',
77 silly addNameRange     '16.0.0-beta.4',
77 silly addNameRange     '16.0.0-beta.5',
77 silly addNameRange     '16.0.0-rc.1',
77 silly addNameRange     '16.0.0-rc.2',
77 silly addNameRange     '16.0.0-rc.3',
77 silly addNameRange     '15.6.2',
77 silly addNameRange     '16.0.0',
77 silly addNameRange     '16.1.0-beta',
77 silly addNameRange     '16.1.0-beta.1',
77 silly addNameRange     '16.1.0-rc',
77 silly addNameRange     '16.1.0',
77 silly addNameRange     '16.1.1',
77 silly addNameRange     '16.2.0',
77 silly addNameRange     '16.3.0-alpha.0',
77 silly addNameRange     '16.3.0-alpha.1',
77 silly addNameRange     '16.4.0-alpha.7926752',
77 silly addNameRange     '16.4.0-alpha.3174632',
77 silly addNameRange     '16.4.0-alpha.0911da3',
77 silly addNameRange     '16.3.0-alpha.2',
77 silly addNameRange     '16.3.0-alpha.3',
77 silly addNameRange     '16.3.0-rc.0',
77 silly addNameRange     '16.3.0',
77 silly addNameRange     '16.3.1',
77 silly addNameRange     '16.3.2',
77 silly addNameRange     '16.4.0',
77 silly addNameRange     '16.4.1',
77 silly addNameRange     '16.4.2',
77 silly addNameRange     '16.5.0' ] ]
78 silly addNamed react-test-renderer@16.5.0
79 verbose addNamed "16.5.0" is a plain semver version for react-test-renderer
80 silly mapToRegistry name react-test-renderer
81 silly mapToRegistry using default registry
82 silly mapToRegistry registry https://registry.npmjs.org/
83 silly mapToRegistry data Result {
83 silly mapToRegistry   raw: 'react-test-renderer',
83 silly mapToRegistry   scope: null,
83 silly mapToRegistry   escapedName: 'react-test-renderer',
83 silly mapToRegistry   name: 'react-test-renderer',
83 silly mapToRegistry   rawSpec: '',
83 silly mapToRegistry   spec: 'latest',
83 silly mapToRegistry   type: 'tag' }
84 silly mapToRegistry uri https://registry.npmjs.org/react-test-renderer
85 verbose addRemoteTarball https://registry.npmjs.org/react-test-renderer/-/react-test-renderer-16.5.0.tgz not in flight; adding
86 verbose addRemoteTarball [ 'https://registry.npmjs.org/react-test-renderer/-/react-test-renderer-16.5.0.tgz',
86 verbose addRemoteTarball   '1aeca0edc4f27f63265dcaed80ba82e11e762f56' ]
87 info retry fetch attempt 1 at 3:47:20 PM
88 info attempt registry request try #1 at 3:47:20 PM
89 http fetch GET https://registry.npmjs.org/react-test-renderer/-/react-test-renderer-16.5.0.tgz
90 http fetch 200 https://registry.npmjs.org/react-test-renderer/-/react-test-renderer-16.5.0.tgz
91 http 304 https://registry.npmjs.org/react-addons-test-utils
92 verbose headers { date: 'Mon, 10 Sep 2018 12:47:20 GMT',
92 verbose headers   connection: 'keep-alive',
92 verbose headers   'set-cookie': [ '__cfduid=da63e7e8f743532afacced124fb503d701536583639; expires=Tue, 10-Sep-19 12:47:19 GMT; path=/; domain=.registry.npmjs.org; HttpOnly' ],
92 verbose headers   'cf-cache-status': 'HIT',
92 verbose headers   'cache-control': 'max-age=300',
92 verbose headers   'cf-ray': '458200a5fb06b6d4-KIV',
92 verbose headers   etag: '"328d74634e60b4987e07b5e75baaaf11"',
92 verbose headers   'expect-ct': 'max-age=604800, report-uri="https://report-uri.cloudflare.com/cdn-cgi/beacon/expect-ct"',
92 verbose headers   'last-modified': 'Sun, 27 May 2018 13:43:39 GMT',
92 verbose headers   vary: 'accept-encoding, accept',
92 verbose headers   server: 'cloudflare' }
93 silly get cb [ 304,
93 silly get   { date: 'Mon, 10 Sep 2018 12:47:20 GMT',
93 silly get     connection: 'keep-alive',
93 silly get     'set-cookie': [ '__cfduid=da63e7e8f743532afacced124fb503d701536583639; expires=Tue, 10-Sep-19 12:47:19 GMT; path=/; domain=.registry.npmjs.org; HttpOnly' ],
93 silly get     'cf-cache-status': 'HIT',
93 silly get     'cache-control': 'max-age=300',
93 silly get     'cf-ray': '458200a5fb06b6d4-KIV',
93 silly get     etag: '"328d74634e60b4987e07b5e75baaaf11"',
93 silly get     'expect-ct': 'max-age=604800, report-uri="https://report-uri.cloudflare.com/cdn-cgi/beacon/expect-ct"',
93 silly get     'last-modified': 'Sun, 27 May 2018 13:43:39 GMT',
93 silly get     vary: 'accept-encoding, accept',
93 silly get     server: 'cloudflare' } ]
94 verbose etag https://registry.npmjs.org/react-addons-test-utils from cache
95 verbose get saving react-addons-test-utils to /Users/miturostislav/.npm/registry.npmjs.org/react-addons-test-utils/.cache.json
96 verbose correctMkdir /Users/miturostislav/.npm correctMkdir not in flight; initializing
97 silly fetchAndShaCheck shasum 1aeca0edc4f27f63265dcaed80ba82e11e762f56
98 silly fetchNamedPackageData No valid target from cache, forcing network
99 verbose request uri https://registry.npmjs.org/react-addons-test-utils
100 verbose request no auth needed
101 info attempt registry request try #1 at 3:47:20 PM
102 http request GET https://registry.npmjs.org/react-addons-test-utils
103 verbose addTmpTarball /var/folders/z6/dn01vvr16hz6ckm80bnhbb440000gn/T/npm-75135-6626384a/registry.npmjs.org/react-test-renderer/-/react-test-renderer-16.5.0.tgz not in flight; adding
104 verbose addTmpTarball already have metadata; skipping unpack for react-test-renderer@16.5.0
105 verbose correctMkdir /Users/miturostislav/.npm correctMkdir not in flight; initializing
106 silly cache afterAdd react-test-renderer@16.5.0
107 verbose afterAdd /Users/miturostislav/.npm/react-test-renderer/16.5.0/package/package.json not in flight; writing
108 verbose correctMkdir /Users/miturostislav/.npm correctMkdir not in flight; initializing
109 verbose afterAdd /Users/miturostislav/.npm/react-test-renderer/16.5.0/package/package.json written
110 http 304 https://registry.npmjs.org/react-dom
111 verbose headers { date: 'Mon, 10 Sep 2018 12:47:20 GMT',
111 verbose headers   connection: 'keep-alive',
111 verbose headers   'set-cookie': [ '__cfduid=dafe5cca321ef5cdfb379ed5ee2e93dba1536583639; expires=Tue, 10-Sep-19 12:47:19 GMT; path=/; domain=.registry.npmjs.org; HttpOnly' ],
111 verbose headers   'cf-cache-status': 'HIT',
111 verbose headers   'cache-control': 'max-age=300',
111 verbose headers   'cf-ray': '458200a5fa69b6e6-KIV',
111 verbose headers   etag: '"0ead617fe2ef2ecee8648bbc1c283031"',
111 verbose headers   'expect-ct': 'max-age=604800, report-uri="https://report-uri.cloudflare.com/cdn-cgi/beacon/expect-ct"',
111 verbose headers   'last-modified': 'Thu, 06 Sep 2018 16:46:54 GMT',
111 verbose headers   vary: 'accept-encoding, accept',
111 verbose headers   'x-amz-meta-rev': '416-0b9bbe032dbb70739172613bccb67791',
111 verbose headers   server: 'cloudflare' }
112 silly get cb [ 304,
112 silly get   { date: 'Mon, 10 Sep 2018 12:47:20 GMT',
112 silly get     connection: 'keep-alive',
112 silly get     'set-cookie': [ '__cfduid=dafe5cca321ef5cdfb379ed5ee2e93dba1536583639; expires=Tue, 10-Sep-19 12:47:19 GMT; path=/; domain=.registry.npmjs.org; HttpOnly' ],
112 silly get     'cf-cache-status': 'HIT',
112 silly get     'cache-control': 'max-age=300',
112 silly get     'cf-ray': '458200a5fa69b6e6-KIV',
112 silly get     etag: '"0ead617fe2ef2ecee8648bbc1c283031"',
112 silly get     'expect-ct': 'max-age=604800, report-uri="https://report-uri.cloudflare.com/cdn-cgi/beacon/expect-ct"',
112 silly get     'last-modified': 'Thu, 06 Sep 2018 16:46:54 GMT',
112 silly get     vary: 'accept-encoding, accept',
112 silly get     'x-amz-meta-rev': '416-0b9bbe032dbb70739172613bccb67791',
112 silly get     server: 'cloudflare' } ]
113 verbose etag https://registry.npmjs.org/react-dom from cache
114 verbose get saving react-dom to /Users/miturostislav/.npm/registry.npmjs.org/react-dom/.cache.json
115 verbose correctMkdir /Users/miturostislav/.npm correctMkdir not in flight; initializing
116 http 200 https://registry.npmjs.org/react-addons-test-utils
117 verbose headers { date: 'Mon, 10 Sep 2018 12:47:20 GMT',
117 verbose headers   'content-type': 'application/json; charset=UTF-8',
117 verbose headers   'transfer-encoding': 'chunked',
117 verbose headers   connection: 'keep-alive',
117 verbose headers   'set-cookie': [ '__cfduid=dd4a2489a4418df8d73ff22ec7709dca41536583640; expires=Tue, 10-Sep-19 12:47:20 GMT; path=/; domain=.registry.npmjs.org; HttpOnly' ],
117 verbose headers   'cf-cache-status': 'HIT',
117 verbose headers   'cache-control': 'max-age=300',
117 verbose headers   'cf-ray': '458200a69b72b6d4-KIV',
117 verbose headers   etag: 'W/"328d74634e60b4987e07b5e75baaaf11"',
117 verbose headers   'expect-ct': 'max-age=604800, report-uri="https://report-uri.cloudflare.com/cdn-cgi/beacon/expect-ct"',
117 verbose headers   'last-modified': 'Sun, 27 May 2018 13:43:39 GMT',
117 verbose headers   vary: 'accept-encoding, accept',
117 verbose headers   server: 'cloudflare',
117 verbose headers   'content-encoding': 'gzip' }
118 silly get cb [ 200,
118 silly get   { date: 'Mon, 10 Sep 2018 12:47:20 GMT',
118 silly get     'content-type': 'application/json; charset=UTF-8',
118 silly get     'transfer-encoding': 'chunked',
118 silly get     connection: 'keep-alive',
118 silly get     'set-cookie': [ '__cfduid=dd4a2489a4418df8d73ff22ec7709dca41536583640; expires=Tue, 10-Sep-19 12:47:20 GMT; path=/; domain=.registry.npmjs.org; HttpOnly' ],
118 silly get     'cf-cache-status': 'HIT',
118 silly get     'cache-control': 'max-age=300',
118 silly get     'cf-ray': '458200a69b72b6d4-KIV',
118 silly get     etag: 'W/"328d74634e60b4987e07b5e75baaaf11"',
118 silly get     'expect-ct': 'max-age=604800, report-uri="https://report-uri.cloudflare.com/cdn-cgi/beacon/expect-ct"',
118 silly get     'last-modified': 'Sun, 27 May 2018 13:43:39 GMT',
118 silly get     vary: 'accept-encoding, accept',
118 silly get     server: 'cloudflare',
118 silly get     'content-encoding': 'gzip' } ]
119 verbose get saving react-addons-test-utils to /Users/miturostislav/.npm/registry.npmjs.org/react-addons-test-utils/.cache.json
120 verbose correctMkdir /Users/miturostislav/.npm correctMkdir not in flight; initializing
121 silly resolveWithNewModule react-dom@16.5.0 checking installable status
122 silly cache add args [ 'react-dom@^16.3.2', null ]
123 verbose cache add spec react-dom@^16.3.2
124 silly cache add parsed spec Result {
124 silly cache add   raw: 'react-dom@^16.3.2',
124 silly cache add   scope: null,
124 silly cache add   escapedName: 'react-dom',
124 silly cache add   name: 'react-dom',
124 silly cache add   rawSpec: '^16.3.2',
124 silly cache add   spec: '>=16.3.2 <17.0.0',
124 silly cache add   type: 'range' }
125 silly addNamed react-dom@>=16.3.2 <17.0.0
126 verbose addNamed ">=16.3.2 <17.0.0" is a valid semver range for react-dom
127 silly addNameRange { name: 'react-dom', range: '>=16.3.2 <17.0.0', hasData: false }
128 silly mapToRegistry name react-dom
129 silly mapToRegistry using default registry
130 silly mapToRegistry registry https://registry.npmjs.org/
131 silly mapToRegistry data Result {
131 silly mapToRegistry   raw: 'react-dom',
131 silly mapToRegistry   scope: null,
131 silly mapToRegistry   escapedName: 'react-dom',
131 silly mapToRegistry   name: 'react-dom',
131 silly mapToRegistry   rawSpec: '',
131 silly mapToRegistry   spec: 'latest',
131 silly mapToRegistry   type: 'tag' }
132 silly mapToRegistry uri https://registry.npmjs.org/react-dom
133 verbose addNameRange registry:https://registry.npmjs.org/react-dom not in flight; fetching
134 verbose get https://registry.npmjs.org/react-dom not expired, no request
135 silly addNameRange number 2 { name: 'react-dom', range: '>=16.3.2 <17.0.0', hasData: true }
136 silly addNameRange versions [ 'react-dom',
136 silly addNameRange   [ '0.1.0',
136 silly addNameRange     '0.14.0-beta1',
136 silly addNameRange     '0.14.0-beta2',
136 silly addNameRange     '0.14.0-beta3',
136 silly addNameRange     '0.14.0-rc1',
136 silly addNameRange     '0.14.0',
136 silly addNameRange     '0.14.1',
136 silly addNameRange     '0.14.2',
136 silly addNameRange     '0.14.3',
136 silly addNameRange     '0.14.4',
136 silly addNameRange     '0.14.5',
136 silly addNameRange     '0.14.6',
136 silly addNameRange     '0.15.0-alpha.1',
136 silly addNameRange     '0.14.7',
136 silly addNameRange     '15.0.0-rc.1',
136 silly addNameRange     '15.0.0-rc.2',
136 silly addNameRange     '0.14.8',
136 silly addNameRange     '15.0.0',
136 silly addNameRange     '15.0.1',
136 silly addNameRange     '15.0.2-alpha.1',
136 silly addNameRange     '15.0.2-alpha.2',
136 silly addNameRange     '15.0.2-alpha.3',
136 silly addNameRange     '15.0.2-alpha.4',
136 silly addNameRange     '15.0.2',
136 silly addNameRange     '15.0.3-alpha.1',
136 silly addNameRange     '15.0.3-alpha.2',
136 silly addNameRange     '15.1.0-alpha.1',
136 silly addNameRange     '15.1.0',
136 silly addNameRange     '15.2.0-rc.1',
136 silly addNameRange     '15.2.0-rc.2',
136 silly addNameRange     '15.2.0',
136 silly addNameRange     '15.2.1',
136 silly addNameRange     '15.3.0-rc.1',
136 silly addNameRange     '15.3.0-rc.2',
136 silly addNameRange     '15.3.0-rc.3',
136 silly addNameRange     '15.3.0',
136 silly addNameRange     '15.3.1-rc.1',
136 silly addNameRange     '15.3.1-rc.2',
136 silly addNameRange     '15.3.1',
136 silly addNameRange     '15.3.2-rc.1',
136 silly addNameRange     '15.3.2',
136 silly addNameRange     '15.4.0-rc.1',
136 silly addNameRange     '15.4.0-rc.2',
136 silly addNameRange     '15.4.0-rc.3',
136 silly addNameRange     '15.4.0-rc.4',
136 silly addNameRange     '15.4.0',
136 silly addNameRange     '15.4.1',
136 silly addNameRange     '15.4.2',
136 silly addNameRange     '16.0.0-alpha',
136 silly addNameRange     '16.0.0-alpha.0',
136 silly addNameRange     '16.0.0-alpha.2',
136 silly addNameRange     '16.0.0-alpha.3',
136 silly addNameRange     '16.0.0-alpha.4',
136 silly addNameRange     '16.0.0-alpha.5',
136 silly addNameRange     '16.0.0-alpha.6',
136 silly addNameRange     '15.5.0-rc.1',
136 silly addNameRange     '16.0.0-alpha.7',
136 silly addNameRange     '15.5.0-rc.2',
136 silly addNameRange     '16.0.0-alpha.8',
136 silly addNameRange     '15.5.0',
136 silly addNameRange     '15.5.1',
136 silly addNameRange     '15.5.2',
136 silly addNameRange     '15.5.3',
136 silly addNameRange     '15.5.4',
136 silly addNameRange     '16.0.0-alpha.9',
136 silly addNameRange     '0.14.9',
136 silly addNameRange     '16.0.0-alpha.10',
136 silly addNameRange     '16.0.0-alpha.11',
136 silly addNameRange     '16.0.0-alpha.12',
136 silly addNameRange     '15.6.0-rc.1',
136 silly addNameRange     '16.0.0-alpha.13',
136 silly addNameRange     '15.6.0',
136 silly addNameRange     '15.6.1',
136 silly addNameRange     '16.0.0-beta.1',
136 silly addNameRange     '16.0.0-beta.2',
136 silly addNameRange     '16.0.0-beta.3',
136 silly addNameRange     '16.0.0-beta.4',
136 silly addNameRange     '16.0.0-beta.5',
136 silly addNameRange     '16.0.0-rc.1',
136 silly addNameRange     '16.0.0-rc.2',
136 silly addNameRange     '16.0.0-rc.3',
136 silly addNameRange     '15.6.2',
136 silly addNameRange     '16.0.0',
136 silly addNameRange     '16.1.0-beta',
136 silly addNameRange     '16.1.0-beta.1',
136 silly addNameRange     '16.1.0-rc',
136 silly addNameRange     '16.1.0',
136 silly addNameRange     '16.1.1',
136 silly addNameRange     '16.2.0',
136 silly addNameRange     '16.3.0-alpha.0',
136 silly addNameRange     '16.3.0-alpha.1',
136 silly addNameRange     '16.4.0-alpha.7926752',
136 silly addNameRange     '16.4.0-alpha.3174632',
136 silly addNameRange     '16.4.0-alpha.0911da3',
136 silly addNameRange     '16.3.0-alpha.2',
136 silly addNameRange     '16.3.0-alpha.3',
136 silly addNameRange     '16.3.0-rc.0',
136 silly addNameRange     '16.3.0',
136 silly addNameRange     '16.3.1',
136 silly addNameRange     '16.3.2',
136 silly addNameRange     ... 8 more items ] ]
137 silly addNamed react-dom@16.5.0
138 verbose addNamed "16.5.0" is a plain semver version for react-dom
139 silly fetchPackageMetaData Error: No compatible version found: react-addons-test-utils@^16.3.2
139 silly fetchPackageMetaData Valid install targets:
139 silly fetchPackageMetaData 16.0.0-alpha.3, 16.0.0-alpha.2, 16.0.0-alpha.0, 16.0.0-alpha, 15.6.2, 15.6.0, 15.6.0-rc.1, 15.6.0-rc.0, 15.5.1, 15.5.0, 15.5.0-rc.2, 15.5.0-rc.1, 15.5.0-rc.0, 15.4.2, 15.4.1, 15.4.0, 15.4.0-rc.4, 15.4.0-rc.3, 15.4.0-rc.2, 15.4.0-rc.1, 15.3.2, 15.3.2-rc.1, 15.3.1, 15.3.1-rc.2, 15.3.1-rc.1, 15.3.0, 15.3.0-rc.3, 15.3.0-rc.2, 15.3.0-rc.1, 15.2.1, 15.2.0, 15.2.0-rc.2, 15.2.0-rc.1, 15.1.0, 15.1.0-alpha.1, 15.0.3-alpha.2, 15.0.3-alpha.1, 15.0.2, 15.0.2-alpha.4, 15.0.2-alpha.3, 15.0.2-alpha.2, 15.0.2-alpha.1, 15.0.1, 15.0.0, 15.0.0-rc.2, 15.0.0-rc.1, 0.15.0-alpha.1, 0.14.8, 0.14.7, 0.14.6, 0.14.5, 0.14.4, 0.14.3, 0.14.2, 0.14.1, 0.14.0, 0.14.0-rc1, 0.14.0-beta3, 0.14.0-beta2
139 silly fetchPackageMetaData
139 silly fetchPackageMetaData     at pickVersionFromRegistryDocument (/Users/miturostislav/.nvm/versions/node/v6.11.0/lib/node_modules/npm/lib/fetch-package-metadata.js:178:16)
139 silly fetchPackageMetaData     at /Users/miturostislav/.nvm/versions/node/v6.11.0/lib/node_modules/npm/node_modules/iferr/index.js:13:50
139 silly fetchPackageMetaData     at /Users/miturostislav/.nvm/versions/node/v6.11.0/lib/node_modules/npm/lib/utils/pulse-till-done.js:20:8
139 silly fetchPackageMetaData     at saved (/Users/miturostislav/.nvm/versions/node/v6.11.0/lib/node_modules/npm/lib/cache/caching-client.js:174:7)
139 silly fetchPackageMetaData     at /Users/miturostislav/.nvm/versions/node/v6.11.0/lib/node_modules/npm/node_modules/graceful-fs/polyfills.js:241:18
139 silly fetchPackageMetaData     at FSReqWrap.oncomplete (fs.js:123:15)
139 silly fetchPackageMetaData  error for react-addons-test-utils@^16.3.2 { Error: No compatible version found: react-addons-test-utils@^16.3.2
139 silly fetchPackageMetaData Valid install targets:
139 silly fetchPackageMetaData 16.0.0-alpha.3, 16.0.0-alpha.2, 16.0.0-alpha.0, 16.0.0-alpha, 15.6.2, 15.6.0, 15.6.0-rc.1, 15.6.0-rc.0, 15.5.1, 15.5.0, 15.5.0-rc.2, 15.5.0-rc.1, 15.5.0-rc.0, 15.4.2, 15.4.1, 15.4.0, 15.4.0-rc.4, 15.4.0-rc.3, 15.4.0-rc.2, 15.4.0-rc.1, 15.3.2, 15.3.2-rc.1, 15.3.1, 15.3.1-rc.2, 15.3.1-rc.1, 15.3.0, 15.3.0-rc.3, 15.3.0-rc.2, 15.3.0-rc.1, 15.2.1, 15.2.0, 15.2.0-rc.2, 15.2.0-rc.1, 15.1.0, 15.1.0-alpha.1, 15.0.3-alpha.2, 15.0.3-alpha.1, 15.0.2, 15.0.2-alpha.4, 15.0.2-alpha.3, 15.0.2-alpha.2, 15.0.2-alpha.1, 15.0.1, 15.0.0, 15.0.0-rc.2, 15.0.0-rc.1, 0.15.0-alpha.1, 0.14.8, 0.14.7, 0.14.6, 0.14.5, 0.14.4, 0.14.3, 0.14.2, 0.14.1, 0.14.0, 0.14.0-rc1, 0.14.0-beta3, 0.14.0-beta2
139 silly fetchPackageMetaData
139 silly fetchPackageMetaData     at pickVersionFromRegistryDocument (/Users/miturostislav/.nvm/versions/node/v6.11.0/lib/node_modules/npm/lib/fetch-package-metadata.js:178:16)
139 silly fetchPackageMetaData     at /Users/miturostislav/.nvm/versions/node/v6.11.0/lib/node_modules/npm/node_modules/iferr/index.js:13:50
139 silly fetchPackageMetaData     at /Users/miturostislav/.nvm/versions/node/v6.11.0/lib/node_modules/npm/lib/utils/pulse-till-done.js:20:8
139 silly fetchPackageMetaData     at saved (/Users/miturostislav/.nvm/versions/node/v6.11.0/lib/node_modules/npm/lib/cache/caching-client.js:174:7)
139 silly fetchPackageMetaData     at /Users/miturostislav/.nvm/versions/node/v6.11.0/lib/node_modules/npm/node_modules/graceful-fs/polyfills.js:241:18
139 silly fetchPackageMetaData     at FSReqWrap.oncomplete (fs.js:123:15) code: 'ETARGET' }
140 silly cache afterAdd react-dom@16.5.0
141 verbose afterAdd /Users/miturostislav/.npm/react-dom/16.5.0/package/package.json not in flight; writing
142 verbose correctMkdir /Users/miturostislav/.npm correctMkdir not in flight; initializing
143 verbose afterAdd /Users/miturostislav/.npm/react-dom/16.5.0/package/package.json written
144 silly rollbackFailedOptional Starting
145 silly rollbackFailedOptional Finishing
146 silly runTopLevelLifecycles Finishing
147 silly install printInstalled
148 verbose stack Error: No compatible version found: react-addons-test-utils@^16.3.2
148 verbose stack Valid install targets:
148 verbose stack 16.0.0-alpha.3, 16.0.0-alpha.2, 16.0.0-alpha.0, 16.0.0-alpha, 15.6.2, 15.6.0, 15.6.0-rc.1, 15.6.0-rc.0, 15.5.1, 15.5.0, 15.5.0-rc.2, 15.5.0-rc.1, 15.5.0-rc.0, 15.4.2, 15.4.1, 15.4.0, 15.4.0-rc.4, 15.4.0-rc.3, 15.4.0-rc.2, 15.4.0-rc.1, 15.3.2, 15.3.2-rc.1, 15.3.1, 15.3.1-rc.2, 15.3.1-rc.1, 15.3.0, 15.3.0-rc.3, 15.3.0-rc.2, 15.3.0-rc.1, 15.2.1, 15.2.0, 15.2.0-rc.2, 15.2.0-rc.1, 15.1.0, 15.1.0-alpha.1, 15.0.3-alpha.2, 15.0.3-alpha.1, 15.0.2, 15.0.2-alpha.4, 15.0.2-alpha.3, 15.0.2-alpha.2, 15.0.2-alpha.1, 15.0.1, 15.0.0, 15.0.0-rc.2, 15.0.0-rc.1, 0.15.0-alpha.1, 0.14.8, 0.14.7, 0.14.6, 0.14.5, 0.14.4, 0.14.3, 0.14.2, 0.14.1, 0.14.0, 0.14.0-rc1, 0.14.0-beta3, 0.14.0-beta2
148 verbose stack
148 verbose stack     at pickVersionFromRegistryDocument (/Users/miturostislav/.nvm/versions/node/v6.11.0/lib/node_modules/npm/lib/fetch-package-metadata.js:178:16)
148 verbose stack     at /Users/miturostislav/.nvm/versions/node/v6.11.0/lib/node_modules/npm/node_modules/iferr/index.js:13:50
148 verbose stack     at /Users/miturostislav/.nvm/versions/node/v6.11.0/lib/node_modules/npm/lib/utils/pulse-till-done.js:20:8
148 verbose stack     at saved (/Users/miturostislav/.nvm/versions/node/v6.11.0/lib/node_modules/npm/lib/cache/caching-client.js:174:7)
148 verbose stack     at /Users/miturostislav/.nvm/versions/node/v6.11.0/lib/node_modules/npm/node_modules/graceful-fs/polyfills.js:241:18
148 verbose stack     at FSReqWrap.oncomplete (fs.js:123:15)
149 verbose cwd /Users/miturostislav/Desktop/react-forms
150 error Darwin 16.7.0
151 error argv "/Users/miturostislav/.nvm/versions/node/v6.11.0/bin/node" "/Users/miturostislav/.nvm/versions/node/v6.11.0/bin/npm" "install"
152 error node v6.11.0
153 error npm  v3.10.10
154 error code ETARGET
155 error notarget No compatible version found: react-addons-test-utils@^16.3.2
155 error notarget Valid install targets:
155 error notarget 16.0.0-alpha.3, 16.0.0-alpha.2, 16.0.0-alpha.0, 16.0.0-alpha, 15.6.2, 15.6.0, 15.6.0-rc.1, 15.6.0-rc.0, 15.5.1, 15.5.0, 15.5.0-rc.2, 15.5.0-rc.1, 15.5.0-rc.0, 15.4.2, 15.4.1, 15.4.0, 15.4.0-rc.4, 15.4.0-rc.3, 15.4.0-rc.2, 15.4.0-rc.1, 15.3.2, 15.3.2-rc.1, 15.3.1, 15.3.1-rc.2, 15.3.1-rc.1, 15.3.0, 15.3.0-rc.3, 15.3.0-rc.2, 15.3.0-rc.1, 15.2.1, 15.2.0, 15.2.0-rc.2, 15.2.0-rc.1, 15.1.0, 15.1.0-alpha.1, 15.0.3-alpha.2, 15.0.3-alpha.1, 15.0.2, 15.0.2-alpha.4, 15.0.2-alpha.3, 15.0.2-alpha.2, 15.0.2-alpha.1, 15.0.1, 15.0.0, 15.0.0-rc.2, 15.0.0-rc.1, 0.15.0-alpha.1, 0.14.8, 0.14.7, 0.14.6, 0.14.5, 0.14.4, 0.14.3, 0.14.2, 0.14.1, 0.14.0, 0.14.0-rc1, 0.14.0-beta3, 0.14.0-beta2
156 error notarget This is most likely not a problem with npm itself.
156 error notarget In most cases you or one of your dependencies are requesting
156 error notarget a package version that doesn't exist.
156 error notarget
156 error notarget It was specified as a dependency of 'react-forms'
157 verbose exit [ 1, true ]
